2021-12-27 23:59:05,767 - Log_handler_module - INFO - login_failed
2021-12-27 23:59:14,723 - Log_handler_module - INFO - login_successful
2021-12-27 23:59:14,723 - Log_handler_module - INFO - login_successful
2021-12-28 18:16:04,797 - Log_handler_module - INFO - sign_up_failed
2021-12-28 18:16:35,327 - Log_handler_module - INFO - sign_up_failed
2021-12-28 18:16:35,327 - Log_handler_module - INFO - sign_up_failed
2021-12-28 18:17:21,778 - Log_handler_module - INFO - sign_up_failed
2021-12-28 18:17:54,584 - Log_handler_module - INFO - sign_up_failed
2021-12-28 18:17:54,584 - Log_handler_module - INFO - sign_up_failed
2021-12-28 18:18:53,553 - Log_handler_module - INFO - sign_up_successful
2021-12-28 18:20:17,670 - Log_handler_module - INFO - login_successful
2021-12-28 18:21:51,224 - Log_handler_module - ERROR - File_exception
2021-12-28 18:21:51,224 - Log_handler_module - ERROR - File_exception
2021-12-28 18:24:41,353 - Log_handler_module - INFO - login_failed
2021-12-28 18:24:55,505 - Log_handler_module - INFO - login_successful
2021-12-28 18:24:55,505 - Log_handler_module - INFO - login_successful
2021-12-28 18:26:24,332 - Log_handler_module - INFO - login_successful
2021-12-28 18:29:31,832 - Log_handler_module - INFO - login_successful
2021-12-28 18:32:02,883 - Log_handler_module - INFO - login_failed
2021-12-28 18:32:31,448 - Log_handler_module - INFO - login_successful
2021-12-28 18:33:37,190 - Log_handler_module - ERROR - File_exception
2021-12-28 18:33:37,190 - Log_handler_module - ERROR - File_exception
2021-12-28 18:37:34,385 - Log_handler_module - INFO - login_successful
2021-12-28 18:39:47,957 - Log_handler_module - INFO - login_successful
2021-12-28 18:42:33,280 - Log_handler_module - ERROR - File_exception
2021-12-28 18:42:33,280 - Log_handler_module - ERROR - File_exception
2021-12-28 18:46:57,332 - Log_handler_module - INFO - login_failed
2021-12-28 18:47:06,246 - Log_handler_module - INFO - login_successful
2021-12-28 18:47:06,246 - Log_handler_module - INFO - login_successful
2021-12-28 18:49:56,210 - Log_handler_module - INFO - login_successful
2021-12-28 19:01:29,829 - Log_handler_module - INFO - login_failed
2021-12-28 19:01:50,559 - Log_handler_module - INFO - login_successful
2021-12-28 19:02:24,839 - Log_handler_module - ERROR - File_exception
2021-12-28 19:02:24,839 - Log_handler_module - ERROR - File_exception
2021-12-28 19:04:41,127 - Log_handler_module - ERROR - File_exception
2021-12-28 19:05:06,611 - Log_handler_module - INFO - login_failed
2021-12-28 19:05:06,611 - Log_handler_module - INFO - login_failed
2021-12-28 19:05:42,570 - Log_handler_module - INFO - login_failed
2021-12-28 19:05:42,570 - Log_handler_module - INFO - login_failed
2021-12-28 19:05:42,570 - Log_handler_module - INFO - login_failed
2021-12-28 19:06:46,664 - Log_handler_module - INFO - login_successful
2021-12-28 19:10:23,172 - Log_handler_module - INFO - login_successful
2021-12-28 19:11:34,864 - Log_handler_module - INFO - login_successful
2021-12-28 19:11:34,864 - Log_handler_module - INFO - login_successful
2021-12-28 19:15:09,568 - Log_handler_module - INFO - login_successful
2021-12-28 19:20:49,062 - Log_handler_module - INFO - login_successful
2021-12-28 19:21:58,902 - Log_handler_module - INFO - login_failed
2021-12-28 19:22:09,205 - Log_handler_module - INFO - login_successful
2021-12-28 19:22:09,205 - Log_handler_module - INFO - login_successful
2021-12-28 19:26:14,405 - Log_handler_module - INFO - login_successful
2021-12-28 19:42:52,642 - Log_handler_module - INFO - login_successful
2021-12-28 19:45:20,901 - Log_handler_module - INFO - login_successful
2021-12-28 19:46:50,388 - Log_handler_module - INFO - login_successful
2021-12-28 20:43:00,727 - Log_handler_module - ERROR - [Errno 2] No such file or directory: 'users/simin_he/Intbox/index_file.csv'
2021-12-28 20:43:00,749 - Log_handler_module - INFO - sign_up_successful
2021-12-28 20:43:00,749 - Log_handler_module - INFO - sign_up_successful
2021-12-28 20:45:04,490 - Log_handler_module - INFO - sign_up_successful
2021-12-28 20:45:24,844 - Log_handler_module - INFO - login_successful
2021-12-28 20:45:24,844 - Log_handler_module - INFO - login_successful
2021-12-28 20:46:18,194 - Log_handler_module - INFO - login_successful
2021-12-28 20:46:18,194 - Log_handler_module - INFO - login_successful
2021-12-28 20:46:18,194 - Log_handler_module - INFO - login_successful
2021-12-28 20:53:10,041 - Log_handler_module - INFO - login_successful
2021-12-28 20:58:05,381 - Log_handler_module - INFO - login_successful
2021-12-28 21:04:56,014 - Log_handler_module - INFO - login_failed
2021-12-28 21:05:13,939 - Log_handler_module - INFO - login_successful
2021-12-28 21:05:13,939 - Log_handler_module - INFO - login_successful
2021-12-28 21:10:29,965 - Log_handler_module - INFO - login_successful
2021-12-28 21:11:35,436 - Log_handler_module - INFO - login_failed
2021-12-28 21:11:44,781 - Log_handler_module - INFO - login_successful
2021-12-28 21:11:44,781 - Log_handler_module - INFO - login_successful
